# JRE version: Java(TM) SE Runtime Environment (8.0_121-b13) (build 1.8.0_121-b13)
# Java VM: Java HotSpot(TM) 64-Bit Server VM (25.121-b13 mixed mode windows-amd64 compressed oops)
Heap:
 PSYoungGen      total 65536K, used 10318K [0x00000000ecc00000, 0x00000000f1a80000, 0x0000000100000000)
  eden space 57856K, 6% used [0x00000000ecc00000,0x00000000ecfe9d68,0x00000000f0480000)
  from space 7680K, 82% used [0x00000000f1300000,0x00000000f1929bc0,0x00000000f1a80000)
  to   space 11264K, 0% used [0x00000000f0480000,0x00000000f0480000,0x00000000f0f80000)
 ParOldGen       total 36352K, used 9470K [0x00000000c6400000, 0x00000000c8780000, 0x00000000ecc00000)
  object space 36352K, 26% used [0x00000000c6400000,0x00000000c6d3fb00,0x00000000c8780000)
 Metaspace       used 28566K, capacity 28954K, committed 29312K, reserved 1075200K
  class space    used 3814K, capacity 3915K, committed 3968K, reserved 1048576K
GC Heap History (10 events):
Event: 7.574 GC heap before
{Heap before GC invocations=3 (full 0):
 PSYoungGen      total 17408K, used 16167K [0x00000000ecc00000, 0x00000000eee00000, 0x0000000100000000)
  eden space 15360K, 100% used [0x00000000ecc00000,0x00000000edb00000,0x00000000edb00000)
  from space 2048K, 39% used [0x00000000edd00000,0x00000000eddc9e10,0x00000000edf00000)
  to   space 2048K, 0% used [0x00000000edb00000,0x00000000edb00000,0x00000000edd00000)
 ParOldGen       total 39936K, used 8K [0x00000000c6400000, 0x00000000c8b00000, 0x00000000ecc00000)
  object space 39936K, 0% used [0x00000000c6400000,0x00000000c6402000,0x00000000c8b00000)
 Metaspace       used 13118K, capacity 13326K, committed 13568K, reserved 1060864K
  class space    used 1630K, capacity 1707K, committed 1792K, reserved 1048576K
Event: 7.589 GC heap after
Heap after GC invocations=3 (full 0):
 PSYoungGen      total 17408K, used 2037K [0x00000000ecc00000, 0x00000000eee00000, 0x0000000100000000)
  eden space 15360K, 0% used [0x00000000ecc00000,0x00000000ecc00000,0x00000000edb00000)
  from space 2048K, 99% used [0x00000000edb00000,0x00000000edcfd7e0,0x00000000edd00000)
  to   space 2048K, 0% used [0x00000000eec00000,0x00000000eec00000,0x00000000eee00000)
 ParOldGen       total 39936K, used 12010K [0x00000000c6400000, 0x00000000c8b00000, 0x00000000ecc00000)
  object space 39936K, 30% used [0x00000000c6400000,0x00000000c6fba8a0,0x00000000c8b00000)
 Metaspace       used 13118K, capacity 13326K, committed 13568K, reserved 1060864K
  class space    used 1630K, capacity 1707K, committed 1792K, reserved 1048576K
}
Event: 12.253 GC heap before
{Heap before GC invocations=4 (full 0):
 PSYoungGen      total 17408K, used 17397K [0x00000000ecc00000, 0x00000000eee00000, 0x0000000100000000)
  eden space 15360K, 100% used [0x00000000ecc00000,0x00000000edb00000,0x00000000edb00000)
  from space 2048K, 99% used [0x00000000edb00000,0x00000000edcfd7e0,0x00000000edd00000)
  to   space 2048K, 0% used [0x00000000eec00000,0x00000000eec00000,0x00000000eee00000)
 ParOldGen       total 39936K, used 12010K [0x00000000c6400000, 0x00000000c8b00000, 0x00000000ecc00000)
  object space 39936K, 30% used [0x00000000c6400000,0x00000000c6fba8a0,0x00000000c8b00000)
 Metaspace       used 20228K, capacity 20552K, committed 20736K, reserved 1067008K
  class space    used 2628K, capacity 2744K, committed 2816K, reserved 1048576K
Event: 12.259 GC heap after
Heap after GC invocations=4 (full 0):
 PSYoungGen      total 32768K, used 2021K [0x00000000ecc00000, 0x00000000eee00000, 0x0000000100000000)
  eden space 30720K, 0% used [0x00000000ecc00000,0x00000000ecc00000,0x00000000eea00000)
  from space 2048K, 98% used [0x00000000eec00000,0x00000000eedf97d0,0x00000000eee00000)
  to   space 2048K, 0% used [0x00000000eea00000,0x00000000eea00000,0x00000000eec00000)
 ParOldGen       total 39936K, used 15086K [0x00000000c6400000, 0x00000000c8b00000, 0x00000000ecc00000)
  object space 39936K, 37% used [0x00000000c6400000,0x00000000c72bbb00,0x00000000c8b00000)
 Metaspace       used 20228K, capacity 20552K, committed 20736K, reserved 1067008K
  class space    used 2628K, capacity 2744K, committed 2816K, reserved 1048576K
}
Event: 12.494 GC heap before
{Heap before GC invocations=5 (full 0):
 PSYoungGen      total 32768K, used 5868K [0x00000000ecc00000, 0x00000000eee00000, 0x0000000100000000)
  eden space 30720K, 12% used [0x00000000ecc00000,0x00000000ecfc18c0,0x00000000eea00000)
  from space 2048K, 98% used [0x00000000eec00000,0x00000000eedf97d0,0x00000000eee00000)
  to   space 2048K, 0% used [0x00000000eea00000,0x00000000eea00000,0x00000000eec00000)
 ParOldGen       total 39936K, used 15086K [0x00000000c6400000, 0x00000000c8b00000, 0x00000000ecc00000)
  object space 39936K, 37% used [0x00000000c6400000,0x00000000c72bbb00,0x00000000c8b00000)
 Metaspace       used 20834K, capacity 21082K, committed 21248K, reserved 1067008K
  class space    used 2720K, capacity 2811K, committed 2816K, reserved 1048576K
Event: 12.498 GC heap after
Heap after GC invocations=5 (full 0):
 PSYoungGen      total 32768K, used 2038K [0x00000000ecc00000, 0x00000000f1e00000, 0x0000000100000000)
  eden space 30720K, 0% used [0x00000000ecc00000,0x00000000ecc00000,0x00000000eea00000)
  from space 2048K, 99% used [0x00000000eea00000,0x00000000eebfd800,0x00000000eec00000)
  to   space 11264K, 0% used [0x00000000f1300000,0x00000000f1300000,0x00000000f1e00000)
 ParOldGen       total 39936K, used 15692K [0x00000000c6400000, 0x00000000c8b00000, 0x00000000ecc00000)
  object space 39936K, 39% used [0x00000000c6400000,0x00000000c7353010,0x00000000c8b00000)
 Metaspace       used 20834K, capacity 21082K, committed 21248K, reserved 1067008K
  class space    used 2720K, capacity 2811K, committed 2816K, reserved 1048576K
}
Event: 12.498 GC heap before
{Heap before GC invocations=6 (full 1):
 PSYoungGen      total 32768K, used 2038K [0x00000000ecc00000, 0x00000000f1e00000, 0x0000000100000000)
  eden space 30720K, 0% used [0x00000000ecc00000,0x00000000ecc00000,0x00000000eea00000)
  from space 2048K, 99% used [0x00000000eea00000,0x00000000eebfd800,0x00000000eec00000)
  to   space 11264K, 0% used [0x00000000f1300000,0x00000000f1300000,0x00000000f1e00000)
 ParOldGen       total 39936K, used 15692K [0x00000000c6400000, 0x00000000c8b00000, 0x00000000ecc00000)
  object space 39936K, 39% used [0x00000000c6400000,0x00000000c7353010,0x00000000c8b00000)
 Metaspace       used 20834K, capacity 21082K, committed 21248K, reserved 1067008K
  class space    used 2720K, capacity 2811K, committed 2816K, reserved 1048576K
Event: 12.528 GC heap after
Heap after GC invocations=6 (full 1):
 PSYoungGen      total 32768K, used 0K [0x00000000ecc00000, 0x00000000f1e00000, 0x0000000100000000)
  eden space 30720K, 0% used [0x00000000ecc00000,0x00000000ecc00000,0x00000000eea00000)
  from space 2048K, 0% used [0x00000000eea00000,0x00000000eea00000,0x00000000eec00000)
  to   space 11264K, 0% used [0x00000000f1300000,0x00000000f1300000,0x00000000f1e00000)
 ParOldGen       total 36352K, used 9462K [0x00000000c6400000, 0x00000000c8780000, 0x00000000ecc00000)
  object space 36352K, 26% used [0x00000000c6400000,0x00000000c6d3db00,0x00000000c8780000)
 Metaspace       used 20834K, capacity 21082K, committed 21248K, reserved 1067008K
  class space    used 2720K, capacity 2811K, committed 2816K, reserved 1048576K
}
Event: 14.463 GC heap before
{Heap before GC invocations=7 (full 1):
 PSYoungGen      total 32768K, used 30720K [0x00000000ecc00000, 0x00000000f1e00000, 0x0000000100000000)
  eden space 30720K, 100% used [0x00000000ecc00000,0x00000000eea00000,0x00000000eea00000)
  from space 2048K, 0% used [0x00000000eea00000,0x00000000eea00000,0x00000000eec00000)
  to   space 11264K, 0% used [0x00000000f1300000,0x00000000f1300000,0x00000000f1e00000)
 ParOldGen       total 36352K, used 9462K [0x00000000c6400000, 0x00000000c8780000, 0x00000000ecc00000)
  object space 36352K, 26% used [0x00000000c6400000,0x00000000c6d3db00,0x00000000c8780000)
 Metaspace       used 27806K, capacity 28148K, committed 28416K, reserved 1073152K
  class space    used 3716K, capacity 3818K, committed 3840K, reserved 1048576K
Event: 14.472 GC heap after
Heap after GC invocations=7 (full 1):
 PSYoungGen      total 65536K, used 6310K [0x00000000ecc00000, 0x00000000f1a80000, 0x0000000100000000)
  eden space 57856K, 0% used [0x00000000ecc00000,0x00000000ecc00000,0x00000000f0480000)
  from space 7680K, 82% used [0x00000000f1300000,0x00000000f1929bc0,0x00000000f1a80000)
  to   space 11264K, 0% used [0x00000000f0480000,0x00000000f0480000,0x00000000f0f80000)
 ParOldGen       total 36352K, used 9470K [0x00000000c6400000, 0x00000000c8780000, 0x00000000ecc00000)
  object space 36352K, 26% used [0x00000000c6400000,0x00000000c6d3fb00,0x00000000c8780000)
 Metaspace       used 27806K, capacity 28148K, committed 28416K, reserved 1073152K
  class space    used 3716K, capacity 3818K, committed 3840K, reserved 1048576K
}

