# JRE version: Java(TM) SE Runtime Environment (8.0_121-b13) (build 1.8.0_121-b13)
# Java VM: Java HotSpot(TM) 64-Bit Server VM (25.121-b13 mixed mode windows-amd64 compressed oops)
Heap:
 PSYoungGen      total 59392K, used 43835K [0x00000000ecc00000, 0x00000000f1580000, 0x0000000100000000)
  eden space 52736K, 71% used [0x00000000ecc00000,0x00000000ef0a2860,0x00000000eff80000)
  from space 6656K, 94% used [0x00000000f0f00000,0x00000000f152c628,0x00000000f1580000)
  to   space 8192K, 0% used [0x00000000f0580000,0x00000000f0580000,0x00000000f0d80000)
 ParOldGen       total 32256K, used 7965K [0x00000000c6400000, 0x00000000c8380000, 0x00000000ecc00000)
  object space 32256K, 24% used [0x00000000c6400000,0x00000000c6bc7558,0x00000000c8380000)
 Metaspace       used 34375K, capacity 34790K, committed 35416K, reserved 1079296K
  class space    used 4731K, capacity 4869K, committed 4992K, reserved 1048576K
GC Heap History (10 events):
Event: 2.383 GC heap before
{Heap before GC invocations=3 (full 0):
 PSYoungGen      total 17408K, used 16183K [0x00000000ecc00000, 0x00000000eee00000, 0x0000000100000000)
  eden space 15360K, 100% used [0x00000000ecc00000,0x00000000edb00000,0x00000000edb00000)
  from space 2048K, 40% used [0x00000000edd00000,0x00000000eddcde00,0x00000000edf00000)
  to   space 2048K, 0% used [0x00000000edb00000,0x00000000edb00000,0x00000000edd00000)
 ParOldGen       total 39936K, used 8K [0x00000000c6400000, 0x00000000c8b00000, 0x00000000ecc00000)
  object space 39936K, 0% used [0x00000000c6400000,0x00000000c6402000,0x00000000c8b00000)
 Metaspace       used 13048K, capacity 13262K, committed 13568K, reserved 1060864K
  class space    used 1622K, capacity 1707K, committed 1792K, reserved 1048576K
Event: 2.388 GC heap after
Heap after GC invocations=3 (full 0):
 PSYoungGen      total 17408K, used 2021K [0x00000000ecc00000, 0x00000000eee00000, 0x0000000100000000)
  eden space 15360K, 0% used [0x00000000ecc00000,0x00000000ecc00000,0x00000000edb00000)
  from space 2048K, 98% used [0x00000000edb00000,0x00000000edcf97d0,0x00000000edd00000)
  to   space 2048K, 0% used [0x00000000eec00000,0x00000000eec00000,0x00000000eee00000)
 ParOldGen       total 39936K, used 4456K [0x00000000c6400000, 0x00000000c8b00000, 0x00000000ecc00000)
  object space 39936K, 11% used [0x00000000c6400000,0x00000000c685a398,0x00000000c8b00000)
 Metaspace       used 13048K, capacity 13262K, committed 13568K, reserved 1060864K
  class space    used 1622K, capacity 1707K, committed 1792K, reserved 1048576K
}
Event: 2.865 GC heap before
{Heap before GC invocations=4 (full 0):
 PSYoungGen      total 17408K, used 17381K [0x00000000ecc00000, 0x00000000eee00000, 0x0000000100000000)
  eden space 15360K, 100% used [0x00000000ecc00000,0x00000000edb00000,0x00000000edb00000)
  from space 2048K, 98% used [0x00000000edb00000,0x00000000edcf97d0,0x00000000edd00000)
  to   space 2048K, 0% used [0x00000000eec00000,0x00000000eec00000,0x00000000eee00000)
 ParOldGen       total 39936K, used 4456K [0x00000000c6400000, 0x00000000c8b00000, 0x00000000ecc00000)
  object space 39936K, 11% used [0x00000000c6400000,0x00000000c685a398,0x00000000c8b00000)
 Metaspace       used 19568K, capacity 19848K, committed 20096K, reserved 1067008K
  class space    used 2539K, capacity 2616K, committed 2688K, reserved 1048576K
Event: 2.872 GC heap after
Heap after GC invocations=4 (full 0):
 PSYoungGen      total 32768K, used 2037K [0x00000000ecc00000, 0x00000000eee00000, 0x0000000100000000)
  eden space 30720K, 0% used [0x00000000ecc00000,0x00000000ecc00000,0x00000000eea00000)
  from space 2048K, 99% used [0x00000000eec00000,0x00000000eedfd7c0,0x00000000eee00000)
  to   space 2048K, 0% used [0x00000000eea00000,0x00000000eea00000,0x00000000eec00000)
 ParOldGen       total 39936K, used 7504K [0x00000000c6400000, 0x00000000c8b00000, 0x00000000ecc00000)
  object space 39936K, 18% used [0x00000000c6400000,0x00000000c6b54040,0x00000000c8b00000)
 Metaspace       used 19568K, capacity 19848K, committed 20096K, reserved 1067008K
  class space    used 2539K, capacity 2616K, committed 2688K, reserved 1048576K
}
Event: 2.955 GC heap before
{Heap before GC invocations=5 (full 0):
 PSYoungGen      total 32768K, used 6342K [0x00000000ecc00000, 0x00000000eee00000, 0x0000000100000000)
  eden space 30720K, 14% used [0x00000000ecc00000,0x00000000ed034158,0x00000000eea00000)
  from space 2048K, 99% used [0x00000000eec00000,0x00000000eedfd7c0,0x00000000eee00000)
  to   space 2048K, 0% used [0x00000000eea00000,0x00000000eea00000,0x00000000eec00000)
 ParOldGen       total 39936K, used 7504K [0x00000000c6400000, 0x00000000c8b00000, 0x00000000ecc00000)
  object space 39936K, 18% used [0x00000000c6400000,0x00000000c6b54040,0x00000000c8b00000)
 Metaspace       used 20836K, capacity 21082K, committed 21248K, reserved 1067008K
  class space    used 2719K, capacity 2811K, committed 2816K, reserved 1048576K
Event: 2.959 GC heap after
Heap after GC invocations=5 (full 0):
 PSYoungGen      total 32768K, used 2021K [0x00000000ecc00000, 0x00000000f1600000, 0x0000000100000000)
  eden space 30720K, 0% used [0x00000000ecc00000,0x00000000ecc00000,0x00000000eea00000)
  from space 2048K, 98% used [0x00000000eea00000,0x00000000eebf97f0,0x00000000eec00000)
  to   space 7168K, 0% used [0x00000000f0f00000,0x00000000f0f00000,0x00000000f1600000)
 ParOldGen       total 39936K, used 8209K [0x00000000c6400000, 0x00000000c8b00000, 0x00000000ecc00000)
  object space 39936K, 20% used [0x00000000c6400000,0x00000000c6c045a8,0x00000000c8b00000)
 Metaspace       used 20836K, capacity 21082K, committed 21248K, reserved 1067008K
  class space    used 2719K, capacity 2811K, committed 2816K, reserved 1048576K
}
Event: 2.959 GC heap before
{Heap before GC invocations=6 (full 1):
 PSYoungGen      total 32768K, used 2021K [0x00000000ecc00000, 0x00000000f1600000, 0x0000000100000000)
  eden space 30720K, 0% used [0x00000000ecc00000,0x00000000ecc00000,0x00000000eea00000)
  from space 2048K, 98% used [0x00000000eea00000,0x00000000eebf97f0,0x00000000eec00000)
  to   space 7168K, 0% used [0x00000000f0f00000,0x00000000f0f00000,0x00000000f1600000)
 ParOldGen       total 39936K, used 8209K [0x00000000c6400000, 0x00000000c8b00000, 0x00000000ecc00000)
  object space 39936K, 20% used [0x00000000c6400000,0x00000000c6c045a8,0x00000000c8b00000)
 Metaspace       used 20836K, capacity 21082K, committed 21248K, reserved 1067008K
  class space    used 2719K, capacity 2811K, committed 2816K, reserved 1048576K
Event: 2.996 GC heap after
Heap after GC invocations=6 (full 1):
 PSYoungGen      total 32768K, used 0K [0x00000000ecc00000, 0x00000000f1600000, 0x0000000100000000)
  eden space 30720K, 0% used [0x00000000ecc00000,0x00000000ecc00000,0x00000000eea00000)
  from space 2048K, 0% used [0x00000000eea00000,0x00000000eea00000,0x00000000eec00000)
  to   space 7168K, 0% used [0x00000000f0f00000,0x00000000f0f00000,0x00000000f1600000)
 ParOldGen       total 32256K, used 7957K [0x00000000c6400000, 0x00000000c8380000, 0x00000000ecc00000)
  object space 32256K, 24% used [0x00000000c6400000,0x00000000c6bc5558,0x00000000c8380000)
 Metaspace       used 20836K, capacity 21082K, committed 21248K, reserved 1067008K
  class space    used 2719K, capacity 2811K, committed 2816K, reserved 1048576K
}
Event: 3.724 GC heap before
{Heap before GC invocations=7 (full 1):
 PSYoungGen      total 32768K, used 30720K [0x00000000ecc00000, 0x00000000f1600000, 0x0000000100000000)
  eden space 30720K, 100% used [0x00000000ecc00000,0x00000000eea00000,0x00000000eea00000)
  from space 2048K, 0% used [0x00000000eea00000,0x00000000eea00000,0x00000000eec00000)
  to   space 7168K, 0% used [0x00000000f0f00000,0x00000000f0f00000,0x00000000f1600000)
 ParOldGen       total 32256K, used 7957K [0x00000000c6400000, 0x00000000c8380000, 0x00000000ecc00000)
  object space 32256K, 24% used [0x00000000c6400000,0x00000000c6bc5558,0x00000000c8380000)
 Metaspace       used 27808K, capacity 28148K, committed 28416K, reserved 1073152K
  class space    used 3718K, capacity 3818K, committed 3840K, reserved 1048576K
Event: 3.732 GC heap after
Heap after GC invocations=7 (full 1):
 PSYoungGen      total 59392K, used 6321K [0x00000000ecc00000, 0x00000000f1580000, 0x0000000100000000)
  eden space 52736K, 0% used [0x00000000ecc00000,0x00000000ecc00000,0x00000000eff80000)
  from space 6656K, 94% used [0x00000000f0f00000,0x00000000f152c628,0x00000000f1580000)
  to   space 8192K, 0% used [0x00000000f0580000,0x00000000f0580000,0x00000000f0d80000)
 ParOldGen       total 32256K, used 7965K [0x00000000c6400000, 0x00000000c8380000, 0x00000000ecc00000)
  object space 32256K, 24% used [0x00000000c6400000,0x00000000c6bc7558,0x00000000c8380000)
 Metaspace       used 27808K, capacity 28148K, committed 28416K, reserved 1073152K
  class space    used 3718K, capacity 3818K, committed 3840K, reserved 1048576K
}

